2013/11/29 19:35:49 [warning] [application] Failed to set unsafe attribute "user_ico" of "Users".
in C:\server\www\Guilin\trunk\webroot\gds\protected\models\Users.php (149)
in C:\server\www\Guilin\trunk\webroot\gds\protected\controllers\TestController.php (26)
in C:\server\www\Guilin\trunk\webroot\gds\index.php (13)
2013/11/29 19:36:10 [warning] [application] Failed to set unsafe attribute "user_ico" of "Users".
in C:\server\www\Guilin\trunk\webroot\gds\protected\models\Users.php (149)
in C:\server\www\Guilin\trunk\webroot\gds\protected\controllers\TestController.php (26)
in C:\server\www\Guilin\trunk\webroot\gds\index.php (13)
2013/11/29 19:36:18 [warning] [application] Failed to set unsafe attribute "user_ico" of "Users".
in C:\server\www\Guilin\trunk\webroot\gds\protected\models\Users.php (149)
in C:\server\www\Guilin\trunk\webroot\gds\protected\controllers\TestController.php (26)
in C:\server\www\Guilin\trunk\webroot\gds\index.php (13)
2013/11/29 19:36:36 [warning] [application] Failed to set unsafe attribute "user_ico" of "Users".
in C:\server\www\Guilin\trunk\webroot\gds\protected\models\Users.php (149)
in C:\server\www\Guilin\trunk\webroot\gds\protected\controllers\TestController.php (26)
in C:\server\www\Guilin\trunk\webroot\gds\index.php (13)
2013/11/29 20:23:56 [error] [system.db.CDbCommand] CDbCommand::fetchAll() failed: SQLSTATE[42S22]: Column not found: 1054 Unknown column 't.id' in 'order clause'. The SQL statement executed was: SELECT user_id, user_email, user_name, reg_time, last_login_time, last_ip, email_check, rank_id, locked FROM `imall_users` `t` WHERE 1 ORDER BY t.id DESC.
in C:\server\www\Guilin\trunk\webroot\gds\protected\models\Users.php (107)
in C:\server\www\Guilin\trunk\webroot\gds\protected\controllers\TestController.php (37)
in C:\server\www\Guilin\trunk\webroot\gds\index.php (13)
2013/11/29 20:23:56 [error] [exception.CDbException] exception 'CDbException' with message 'CDbCommand failed to execute the SQL statement: SQLSTATE[42S22]: Column not found: 1054 Unknown column 't.id' in 'order clause'. The SQL statement executed was: SELECT user_id, user_email, user_name, reg_time, last_login_time, last_ip, email_check, rank_id, locked FROM `imall_users` `t` WHERE 1 ORDER BY t.id DESC' in C:\server\www\Guilin\trunk\yii\framework\db\CDbCommand.php:543
Stack trace:
#0 C:\server\www\Guilin\trunk\yii\framework\db\CDbCommand.php(396): CDbCommand->queryInternal('fetchAll', Array, Array)
#1 C:\server\www\Guilin\trunk\yii\framework\db\ar\CActiveRecord.php(1351): CDbCommand->queryAll()
#2 C:\server\www\Guilin\trunk\yii\framework\db\ar\CActiveRecord.php(1470): CActiveRecord->query(Object(CDbCriteria), true)
#3 C:\server\www\Guilin\trunk\webroot\gds\protected\models\Users.php(107): CActiveRecord->findAll(Object(CDbCriteria))
#4 C:\server\www\Guilin\trunk\webroot\gds\protected\controllers\TestController.php(37): Users::getUserList()
#5 C:\server\www\Guilin\trunk\yii\framework\web\actions\CInlineAction.php(49): TestController->actionGetUserList()
#6 C:\server\www\Guilin\trunk\yii\framework\web\CController.php(308): CInlineAction->runWithParams(Array)
#7 C:\server\www\Guilin\trunk\yii\framework\web\CController.php(286): CController->runAction(Object(CInlineAction))
#8 C:\server\www\Guilin\trunk\yii\framework\web\CController.php(265): CController->runActionWithFilters(Object(CInlineAction), Array)
#9 C:\server\www\Guilin\trunk\yii\framework\web\CWebApplication.php(282): CController->run('getuserlist')
#10 C:\server\www\Guilin\trunk\yii\framework\web\CWebApplication.php(141): CWebApplication->runController('test/getuserlis...')
#11 C:\server\www\Guilin\trunk\yii\framework\base\CApplication.php(180): CWebApplication->processRequest()
#12 C:\server\www\Guilin\trunk\webroot\gds\index.php(13): CApplication->run()
#13 {main}
REQUEST_URI=/index.php?r=test/getuserlist
---
2013/11/29 20:27:36 [error] [php] Missing argument 1 for CHttpRequest::getParam(), called in C:\server\www\Guilin\trunk\webroot\gds\protected\models\Users.php on line 105 and defined (C:\server\www\Guilin\trunk\yii\framework\web\CHttpRequest.php:169)
Stack trace:
#0 C:\server\www\Guilin\trunk\yii\framework\web\actions\CInlineAction.php(49): TestController->actionGetUserList()
#1 C:\server\www\Guilin\trunk\yii\framework\web\CController.php(308): CInlineAction->runWithParams()
#2 C:\server\www\Guilin\trunk\yii\framework\web\CController.php(286): TestController->runAction()
#3 C:\server\www\Guilin\trunk\yii\framework\web\CController.php(265): TestController->runActionWithFilters()
#4 C:\server\www\Guilin\trunk\yii\framework\web\CWebApplication.php(282): TestController->run()
#5 C:\server\www\Guilin\trunk\yii\framework\web\CWebApplication.php(141): CWebApplication->runController()
#6 C:\server\www\Guilin\trunk\yii\framework\base\CApplication.php(180): CWebApplication->processRequest()
#7 C:\server\www\Guilin\trunk\webroot\gds\index.php(13): CWebApplication->run()
REQUEST_URI=/index.php?r=test/getuserlist
in C:\server\www\Guilin\trunk\webroot\gds\protected\models\Users.php (105)
in C:\server\www\Guilin\trunk\webroot\gds\protected\controllers\TestController.php (37)
in C:\server\www\Guilin\trunk\webroot\gds\index.php (13)
2013/11/29 20:27:48 [error] [php] Use of undefined constant user_name - assumed 'user_name' (C:\server\www\Guilin\trunk\webroot\gds\protected\models\Users.php:105)
Stack trace:
#0 C:\server\www\Guilin\trunk\yii\framework\web\CController.php(308): CInlineAction->runWithParams()
#1 C:\server\www\Guilin\trunk\yii\framework\web\CController.php(286): TestController->runAction()
#2 C:\server\www\Guilin\trunk\yii\framework\web\CController.php(265): TestController->runActionWithFilters()
#3 C:\server\www\Guilin\trunk\yii\framework\web\CWebApplication.php(282): TestController->run()
#4 C:\server\www\Guilin\trunk\yii\framework\web\CWebApplication.php(141): CWebApplication->runController()
#5 C:\server\www\Guilin\trunk\yii\framework\base\CApplication.php(180): CWebApplication->processRequest()
#6 C:\server\www\Guilin\trunk\webroot\gds\index.php(13): CWebApplication->run()
REQUEST_URI=/index.php?r=test/getuserlist
in C:\server\www\Guilin\trunk\webroot\gds\protected\models\Users.php (105)
in C:\server\www\Guilin\trunk\webroot\gds\protected\controllers\TestController.php (37)
in C:\server\www\Guilin\trunk\webroot\gds\index.php (13)
2013/11/29 20:29:02 [error] [php] Undefined variable: username (C:\server\www\Guilin\trunk\webroot\gds\protected\models\Users.php:99)
Stack trace:
#0 C:\server\www\Guilin\trunk\yii\framework\web\CController.php(308): CInlineAction->runWithParams()
#1 C:\server\www\Guilin\trunk\yii\framework\web\CController.php(286): TestController->runAction()
#2 C:\server\www\Guilin\trunk\yii\framework\web\CController.php(265): TestController->runActionWithFilters()
#3 C:\server\www\Guilin\trunk\yii\framework\web\CWebApplication.php(282): TestController->run()
#4 C:\server\www\Guilin\trunk\yii\framework\web\CWebApplication.php(141): CWebApplication->runController()
#5 C:\server\www\Guilin\trunk\yii\framework\base\CApplication.php(180): CWebApplication->processRequest()
#6 C:\server\www\Guilin\trunk\webroot\gds\index.php(13): CWebApplication->run()
REQUEST_URI=/index.php?r=test/getuserlist
in C:\server\www\Guilin\trunk\webroot\gds\protected\models\Users.php (99)
in C:\server\www\Guilin\trunk\webroot\gds\protected\controllers\TestController.php (37)
in C:\server\www\Guilin\trunk\webroot\gds\index.php (13)
2013/11/29 20:29:48 [error] [php] Undefined variable: username (C:\server\www\Guilin\trunk\webroot\gds\protected\models\Users.php:99)
Stack trace:
#0 C:\server\www\Guilin\trunk\yii\framework\web\CController.php(308): CInlineAction->runWithParams()
#1 C:\server\www\Guilin\trunk\yii\framework\web\CController.php(286): TestController->runAction()
#2 C:\server\www\Guilin\trunk\yii\framework\web\CController.php(265): TestController->runActionWithFilters()
#3 C:\server\www\Guilin\trunk\yii\framework\web\CWebApplication.php(282): TestController->run()
#4 C:\server\www\Guilin\trunk\yii\framework\web\CWebApplication.php(141): CWebApplication->runController()
#5 C:\server\www\Guilin\trunk\yii\framework\base\CApplication.php(180): CWebApplication->processRequest()
#6 C:\server\www\Guilin\trunk\webroot\gds\index.php(13): CWebApplication->run()
REQUEST_URI=/index.php?r=test/getuserlist
in C:\server\www\Guilin\trunk\webroot\gds\protected\models\Users.php (99)
in C:\server\www\Guilin\trunk\webroot\gds\protected\controllers\TestController.php (37)
in C:\server\www\Guilin\trunk\webroot\gds\index.php (13)
2013/11/29 20:29:49 [error] [php] Undefined variable: username (C:\server\www\Guilin\trunk\webroot\gds\protected\models\Users.php:99)
Stack trace:
#0 C:\server\www\Guilin\trunk\yii\framework\web\CController.php(308): CInlineAction->runWithParams()
#1 C:\server\www\Guilin\trunk\yii\framework\web\CController.php(286): TestController->runAction()
#2 C:\server\www\Guilin\trunk\yii\framework\web\CController.php(265): TestController->runActionWithFilters()
#3 C:\server\www\Guilin\trunk\yii\framework\web\CWebApplication.php(282): TestController->run()
#4 C:\server\www\Guilin\trunk\yii\framework\web\CWebApplication.php(141): CWebApplication->runController()
#5 C:\server\www\Guilin\trunk\yii\framework\base\CApplication.php(180): CWebApplication->processRequest()
#6 C:\server\www\Guilin\trunk\webroot\gds\index.php(13): CWebApplication->run()
REQUEST_URI=/index.php?r=test/getuserlist
in C:\server\www\Guilin\trunk\webroot\gds\protected\models\Users.php (99)
in C:\server\www\Guilin\trunk\webroot\gds\protected\controllers\TestController.php (37)
in C:\server\www\Guilin\trunk\webroot\gds\index.php (13)
2013/11/29 20:29:50 [error] [php] Undefined variable: username (C:\server\www\Guilin\trunk\webroot\gds\protected\models\Users.php:99)
Stack trace:
#0 C:\server\www\Guilin\trunk\yii\framework\web\CController.php(308): CInlineAction->runWithParams()
#1 C:\server\www\Guilin\trunk\yii\framework\web\CController.php(286): TestController->runAction()
#2 C:\server\www\Guilin\trunk\yii\framework\web\CController.php(265): TestController->runActionWithFilters()
#3 C:\server\www\Guilin\trunk\yii\framework\web\CWebApplication.php(282): TestController->run()
#4 C:\server\www\Guilin\trunk\yii\framework\web\CWebApplication.php(141): CWebApplication->runController()
#5 C:\server\www\Guilin\trunk\yii\framework\base\CApplication.php(180): CWebApplication->processRequest()
#6 C:\server\www\Guilin\trunk\webroot\gds\index.php(13): CWebApplication->run()
REQUEST_URI=/index.php?r=test/getuserlist
in C:\server\www\Guilin\trunk\webroot\gds\protected\models\Users.php (99)
in C:\server\www\Guilin\trunk\webroot\gds\protected\controllers\TestController.php (37)
in C:\server\www\Guilin\trunk\webroot\gds\index.php (13)
2013/11/29 20:29:50 [error] [php] Undefined variable: username (C:\server\www\Guilin\trunk\webroot\gds\protected\models\Users.php:99)
Stack trace:
#0 C:\server\www\Guilin\trunk\yii\framework\web\CController.php(308): CInlineAction->runWithParams()
#1 C:\server\www\Guilin\trunk\yii\framework\web\CController.php(286): TestController->runAction()
#2 C:\server\www\Guilin\trunk\yii\framework\web\CController.php(265): TestController->runActionWithFilters()
#3 C:\server\www\Guilin\trunk\yii\framework\web\CWebApplication.php(282): TestController->run()
#4 C:\server\www\Guilin\trunk\yii\framework\web\CWebApplication.php(141): CWebApplication->runController()
#5 C:\server\www\Guilin\trunk\yii\framework\base\CApplication.php(180): CWebApplication->processRequest()
#6 C:\server\www\Guilin\trunk\webroot\gds\index.php(13): CWebApplication->run()
REQUEST_URI=/index.php?r=test/getuserlist
in C:\server\www\Guilin\trunk\webroot\gds\protected\models\Users.php (99)
in C:\server\www\Guilin\trunk\webroot\gds\protected\controllers\TestController.php (37)
in C:\server\www\Guilin\trunk\webroot\gds\index.php (13)
2013/11/29 20:29:50 [error] [php] Undefined variable: username (C:\server\www\Guilin\trunk\webroot\gds\protected\models\Users.php:99)
Stack trace:
#0 C:\server\www\Guilin\trunk\yii\framework\web\CController.php(308): CInlineAction->runWithParams()
#1 C:\server\www\Guilin\trunk\yii\framework\web\CController.php(286): TestController->runAction()
#2 C:\server\www\Guilin\trunk\yii\framework\web\CController.php(265): TestController->runActionWithFilters()
#3 C:\server\www\Guilin\trunk\yii\framework\web\CWebApplication.php(282): TestController->run()
#4 C:\server\www\Guilin\trunk\yii\framework\web\CWebApplication.php(141): CWebApplication->runController()
#5 C:\server\www\Guilin\trunk\yii\framework\base\CApplication.php(180): CWebApplication->processRequest()
#6 C:\server\www\Guilin\trunk\webroot\gds\index.php(13): CWebApplication->run()
REQUEST_URI=/index.php?r=test/getuserlist
in C:\server\www\Guilin\trunk\webroot\gds\protected\models\Users.php (99)
in C:\server\www\Guilin\trunk\webroot\gds\protected\controllers\TestController.php (37)
in C:\server\www\Guilin\trunk\webroot\gds\index.php (13)
2013/11/29 20:31:15 [error] [php] Undefined variable: username (C:\server\www\Guilin\trunk\webroot\gds\protected\models\Users.php:99)
Stack trace:
#0 C:\server\www\Guilin\trunk\yii\framework\web\CController.php(308): CInlineAction->runWithParams()
#1 C:\server\www\Guilin\trunk\yii\framework\web\CController.php(286): TestController->runAction()
#2 C:\server\www\Guilin\trunk\yii\framework\web\CController.php(265): TestController->runActionWithFilters()
#3 C:\server\www\Guilin\trunk\yii\framework\web\CWebApplication.php(282): TestController->run()
#4 C:\server\www\Guilin\trunk\yii\framework\web\CWebApplication.php(141): CWebApplication->runController()
#5 C:\server\www\Guilin\trunk\yii\framework\base\CApplication.php(180): CWebApplication->processRequest()
#6 C:\server\www\Guilin\trunk\webroot\gds\index.php(13): CWebApplication->run()
REQUEST_URI=/index.php?r=test/getuserlist
in C:\server\www\Guilin\trunk\webroot\gds\protected\models\Users.php (99)
in C:\server\www\Guilin\trunk\webroot\gds\protected\controllers\TestController.php (37)
in C:\server\www\Guilin\trunk\webroot\gds\index.php (13)
2013/11/29 20:33:15 [error] [php] Undefined index: user_email (C:\server\www\Guilin\trunk\webroot\gds\protected\models\Users.php:94)
Stack trace:
#0 C:\server\www\Guilin\trunk\yii\framework\web\CController.php(308): CInlineAction->runWithParams()
#1 C:\server\www\Guilin\trunk\yii\framework\web\CController.php(286): TestController->runAction()
#2 C:\server\www\Guilin\trunk\yii\framework\web\CController.php(265): TestController->runActionWithFilters()
#3 C:\server\www\Guilin\trunk\yii\framework\web\CWebApplication.php(282): TestController->run()
#4 C:\server\www\Guilin\trunk\yii\framework\web\CWebApplication.php(141): CWebApplication->runController()
#5 C:\server\www\Guilin\trunk\yii\framework\base\CApplication.php(180): CWebApplication->processRequest()
#6 C:\server\www\Guilin\trunk\webroot\gds\index.php(13): CWebApplication->run()
REQUEST_URI=/index.php?r=test/getuserlist
in C:\server\www\Guilin\trunk\webroot\gds\protected\models\Users.php (94)
in C:\server\www\Guilin\trunk\webroot\gds\protected\controllers\TestController.php (37)
in C:\server\www\Guilin\trunk\webroot\gds\index.php (13)
2013/11/29 20:36:15 [error] [system.db.CDbCommand] CDbCommand::fetchAll() failed: SQLSTATE[42S22]: Column not found: 1054 Unknown column 'locaked' in 'where clause'. The SQL statement executed was: SELECT user_id, user_email, user_name, reg_time, last_login_time, last_ip, email_check, rank_id, locked FROM `imall_users` `t` WHERE 1 AND locaked= 1 ORDER BY user_id DESC.
in C:\server\www\Guilin\trunk\webroot\gds\protected\models\Users.php (107)
in C:\server\www\Guilin\trunk\webroot\gds\protected\controllers\TestController.php (37)
in C:\server\www\Guilin\trunk\webroot\gds\index.php (13)
2013/11/29 20:36:15 [error] [exception.CDbException] exception 'CDbException' with message 'CDbCommand failed to execute the SQL statement: SQLSTATE[42S22]: Column not found: 1054 Unknown column 'locaked' in 'where clause'. The SQL statement executed was: SELECT user_id, user_email, user_name, reg_time, last_login_time, last_ip, email_check, rank_id, locked FROM `imall_users` `t` WHERE 1 AND locaked= 1 ORDER BY user_id DESC' in C:\server\www\Guilin\trunk\yii\framework\db\CDbCommand.php:543
Stack trace:
#0 C:\server\www\Guilin\trunk\yii\framework\db\CDbCommand.php(396): CDbCommand->queryInternal('fetchAll', Array, Array)
#1 C:\server\www\Guilin\trunk\yii\framework\db\ar\CActiveRecord.php(1351): CDbCommand->queryAll()
#2 C:\server\www\Guilin\trunk\yii\framework\db\ar\CActiveRecord.php(1470): CActiveRecord->query(Object(CDbCriteria), true)
#3 C:\server\www\Guilin\trunk\webroot\gds\protected\models\Users.php(107): CActiveRecord->findAll(Object(CDbCriteria))
#4 C:\server\www\Guilin\trunk\webroot\gds\protected\controllers\TestController.php(37): Users::getUserList()
#5 C:\server\www\Guilin\trunk\yii\framework\web\actions\CInlineAction.php(49): TestController->actionGetUserList()
#6 C:\server\www\Guilin\trunk\yii\framework\web\CController.php(308): CInlineAction->runWithParams(Array)
#7 C:\server\www\Guilin\trunk\yii\framework\web\CController.php(286): CController->runAction(Object(CInlineAction))
#8 C:\server\www\Guilin\trunk\yii\framework\web\CController.php(265): CController->runActionWithFilters(Object(CInlineAction), Array)
#9 C:\server\www\Guilin\trunk\yii\framework\web\CWebApplication.php(282): CController->run('getuserlist')
#10 C:\server\www\Guilin\trunk\yii\framework\web\CWebApplication.php(141): CWebApplication->runController('test/getuserlis...')
#11 C:\server\www\Guilin\trunk\yii\framework\base\CApplication.php(180): CWebApplication->processRequest()
#12 C:\server\www\Guilin\trunk\webroot\gds\index.php(13): CApplication->run()
#13 {main}
REQUEST_URI=/index.php?r=test/getuserlist
---
2013/11/29 20:37:15 [error] [system.db.CDbCommand] CDbCommand::fetchAll() failed: SQLSTATE[42000]: Syntax error or access violation: 1064 You have an error in your SQL syntax; check the manual that corresponds to your MySQL server version for the right syntax to use near '00:00:00 ORDER BY user_id DESC' at line 1. The SQL statement executed was: SELECT user_id, user_email, user_name, reg_time, last_login_time, last_ip, email_check, rank_id, locked FROM `imall_users` `t` WHERE 1 AND reg_time >=  2013-11-28 00:00:00 ORDER BY user_id DESC.
in C:\server\www\Guilin\trunk\webroot\gds\protected\models\Users.php (107)
in C:\server\www\Guilin\trunk\webroot\gds\protected\controllers\TestController.php (37)
in C:\server\www\Guilin\trunk\webroot\gds\index.php (13)
2013/11/29 20:37:15 [error] [exception.CDbException] exception 'CDbException' with message 'CDbCommand failed to execute the SQL statement: SQLSTATE[42000]: Syntax error or access violation: 1064 You have an error in your SQL syntax; check the manual that corresponds to your MySQL server version for the right syntax to use near '00:00:00 ORDER BY user_id DESC' at line 1. The SQL statement executed was: SELECT user_id, user_email, user_name, reg_time, last_login_time, last_ip, email_check, rank_id, locked FROM `imall_users` `t` WHERE 1 AND reg_time >=  2013-11-28 00:00:00 ORDER BY user_id DESC' in C:\server\www\Guilin\trunk\yii\framework\db\CDbCommand.php:543
Stack trace:
#0 C:\server\www\Guilin\trunk\yii\framework\db\CDbCommand.php(396): CDbCommand->queryInternal('fetchAll', Array, Array)
#1 C:\server\www\Guilin\trunk\yii\framework\db\ar\CActiveRecord.php(1351): CDbCommand->queryAll()
#2 C:\server\www\Guilin\trunk\yii\framework\db\ar\CActiveRecord.php(1470): CActiveRecord->query(Object(CDbCriteria), true)
#3 C:\server\www\Guilin\trunk\webroot\gds\protected\models\Users.php(107): CActiveRecord->findAll(Object(CDbCriteria))
#4 C:\server\www\Guilin\trunk\webroot\gds\protected\controllers\TestController.php(37): Users::getUserList()
#5 C:\server\www\Guilin\trunk\yii\framework\web\actions\CInlineAction.php(49): TestController->actionGetUserList()
#6 C:\server\www\Guilin\trunk\yii\framework\web\CController.php(308): CInlineAction->runWithParams(Array)
#7 C:\server\www\Guilin\trunk\yii\framework\web\CController.php(286): CController->runAction(Object(CInlineAction))
#8 C:\server\www\Guilin\trunk\yii\framework\web\CController.php(265): CController->runActionWithFilters(Object(CInlineAction), Array)
#9 C:\server\www\Guilin\trunk\yii\framework\web\CWebApplication.php(282): CController->run('getuserlist')
#10 C:\server\www\Guilin\trunk\yii\framework\web\CWebApplication.php(141): CWebApplication->runController('test/getuserlis...')
#11 C:\server\www\Guilin\trunk\yii\framework\base\CApplication.php(180): CWebApplication->processRequest()
#12 C:\server\www\Guilin\trunk\webroot\gds\index.php(13): CApplication->run()
#13 {main}
REQUEST_URI=/index.php?r=test/getuserlist
---
2013/11/29 20:45:52 [error] [system.db.CDbCommand] CDbCommand::fetchAll() failed: SQLSTATE[42S02]: Base table or view not found: 1146 Table 'webmall.{{user_rank}}' doesn't exist. The SQL statement executed was: SHOW FULL COLUMNS FROM `{{user_rank}}`.
in C:\server\www\Guilin\trunk\webroot\gds\protected\models\UserRank.php (68)
in C:\server\www\Guilin\trunk\webroot\gds\protected\controllers\TestController.php (43)
in C:\server\www\Guilin\trunk\webroot\gds\index.php (13)
2013/11/29 20:45:52 [error] [exception.CDbException] exception 'CDbException' with message 'The table "{{user_rank}}" for active record class "UserRank" cannot be found in the database.' in C:\server\www\Guilin\trunk\yii\framework\db\ar\CActiveRecord.php:2362
Stack trace:
#0 C:\server\www\Guilin\trunk\yii\framework\db\ar\CActiveRecord.php(411): CActiveRecordMetaData->__construct(Object(UserRank))
#1 C:\server\www\Guilin\trunk\yii\framework\db\ar\CActiveRecord.php(79): CActiveRecord->getMetaData()
#2 C:\server\www\Guilin\trunk\webroot\gds\protected\models\UserRank.php(68): CActiveRecord->__construct()
#3 C:\server\www\Guilin\trunk\webroot\gds\protected\controllers\TestController.php(43): UserRank::getRankList()
#4 C:\server\www\Guilin\trunk\yii\framework\web\actions\CInlineAction.php(49): TestController->actionGetRankList()
#5 C:\server\www\Guilin\trunk\yii\framework\web\CController.php(308): CInlineAction->runWithParams(Array)
#6 C:\server\www\Guilin\trunk\yii\framework\web\CController.php(286): CController->runAction(Object(CInlineAction))
#7 C:\server\www\Guilin\trunk\yii\framework\web\CController.php(265): CController->runActionWithFilters(Object(CInlineAction), Array)
#8 C:\server\www\Guilin\trunk\yii\framework\web\CWebApplication.php(282): CController->run('GetRankList')
#9 C:\server\www\Guilin\trunk\yii\framework\web\CWebApplication.php(141): CWebApplication->runController('test/GetRankLis...')
#10 C:\server\www\Guilin\trunk\yii\framework\base\CApplication.php(180): CWebApplication->processRequest()
#11 C:\server\www\Guilin\trunk\webroot\gds\index.php(13): CApplication->run()
#12 {main}
REQUEST_URI=/index.php?r=test/GetRankList
---
2013/11/30 10:47:18 [error] [exception.CDbException] exception 'CDbException' with message 'Relation "UserRank" is not defined in active record class "Users".' in C:\server\www\Guilin\trunk\yii\framework\db\ar\CActiveFinder.php:226
Stack trace:
#0 C:\server\www\Guilin\trunk\yii\framework\db\ar\CActiveFinder.php(296): CActiveFinder->buildJoinTree(Object(CJoinElement), 'UserRank')
#1 C:\server\www\Guilin\trunk\yii\framework\db\ar\CActiveFinder.php(48): CActiveFinder->buildJoinTree(Object(CJoinElement), Array)
#2 C:\server\www\Guilin\trunk\yii\framework\db\ar\CActiveRecord.php(909): CActiveFinder->__construct(Object(Users), Array)
#3 C:\server\www\Guilin\trunk\yii\framework\db\ar\CActiveRecord.php(1355): CActiveRecord->getActiveFinder(Array)
#4 C:\server\www\Guilin\trunk\yii\framework\db\ar\CActiveRecord.php(1470): CActiveRecord->query(Object(CDbCriteria), true)
#5 C:\server\www\Guilin\trunk\webroot\gds\protected\models\Users.php(108): CActiveRecord->findAll(Object(CDbCriteria))
#6 C:\server\www\Guilin\trunk\webroot\gds\protected\controllers\TestController.php(37): Users::getUserList()
#7 C:\server\www\Guilin\trunk\yii\framework\web\actions\CInlineAction.php(49): TestController->actionGetUserList()
#8 C:\server\www\Guilin\trunk\yii\framework\web\CController.php(308): CInlineAction->runWithParams(Array)
#9 C:\server\www\Guilin\trunk\yii\framework\web\CController.php(286): CController->runAction(Object(CInlineAction))
#10 C:\server\www\Guilin\trunk\yii\framework\web\CController.php(265): CController->runActionWithFilters(Object(CInlineAction), Array)
#11 C:\server\www\Guilin\trunk\yii\framework\web\CWebApplication.php(282): CController->run('getuserlist')
#12 C:\server\www\Guilin\trunk\yii\framework\web\CWebApplication.php(141): CWebApplication->runController('test/getuserlis...')
#13 C:\server\www\Guilin\trunk\yii\framework\base\CApplication.php(180): CWebApplication->processRequest()
#14 C:\server\www\Guilin\trunk\webroot\gds\index.php(13): CApplication->run()
#15 {main}
REQUEST_URI=/index.php?r=test/getuserlist
---
2013/11/30 13:24:57 [error] [exception.CDbException] exception 'CDbException' with message 'Relation "adminGroup" is not defined in active record class "Users".' in C:\server\www\Guilin\trunk\yii\framework\db\ar\CActiveFinder.php:226
Stack trace:
#0 C:\server\www\Guilin\trunk\yii\framework\db\ar\CActiveFinder.php(296): CActiveFinder->buildJoinTree(Object(CJoinElement), 'adminGroup')
#1 C:\server\www\Guilin\trunk\yii\framework\db\ar\CActiveFinder.php(48): CActiveFinder->buildJoinTree(Object(CJoinElement), Array)
#2 C:\server\www\Guilin\trunk\yii\framework\db\ar\CActiveRecord.php(909): CActiveFinder->__construct(Object(Users), Array)
#3 C:\server\www\Guilin\trunk\yii\framework\db\ar\CActiveRecord.php(1355): CActiveRecord->getActiveFinder(Array)
#4 C:\server\www\Guilin\trunk\yii\framework\db\ar\CActiveRecord.php(1470): CActiveRecord->query(Object(CDbCriteria), true)
#5 C:\server\www\Guilin\trunk\webroot\gds\protected\models\AdminUser.php(81): CActiveRecord->findAll(Object(CDbCriteria))
#6 C:\server\www\Guilin\trunk\webroot\gds\protected\controllers\TestController.php(84): AdminUser::getAdminUserList()
#7 C:\server\www\Guilin\trunk\yii\framework\web\actions\CInlineAction.php(49): TestController->actionGetAdminUserList()
#8 C:\server\www\Guilin\trunk\yii\framework\web\CController.php(308): CInlineAction->runWithParams(Array)
#9 C:\server\www\Guilin\trunk\yii\framework\web\CController.php(286): CController->runAction(Object(CInlineAction))
#10 C:\server\www\Guilin\trunk\yii\framework\web\CController.php(265): CController->runActionWithFilters(Object(CInlineAction), Array)
#11 C:\server\www\Guilin\trunk\yii\framework\web\CWebApplication.php(282): CController->run('GetAdminUserLis...')
#12 C:\server\www\Guilin\trunk\yii\framework\web\CWebApplication.php(141): CWebApplication->runController('test/GetAdminUs...')
#13 C:\server\www\Guilin\trunk\yii\framework\base\CApplication.php(180): CWebApplication->processRequest()
#14 C:\server\www\Guilin\trunk\webroot\gds\index.php(13): CApplication->run()
#15 {main}
REQUEST_URI=/index.php?r=test/GetAdminUserList
---
2013/11/30 13:32:10 [error] [exception.CDbException] exception 'CDbException' with message 'Relation "adminGroup" is not defined in active record class "Users".' in C:\server\www\Guilin\trunk\yii\framework\db\ar\CActiveFinder.php:226
Stack trace:
#0 C:\server\www\Guilin\trunk\yii\framework\db\ar\CActiveFinder.php(296): CActiveFinder->buildJoinTree(Object(CJoinElement), 'adminGroup')
#1 C:\server\www\Guilin\trunk\yii\framework\db\ar\CActiveFinder.php(48): CActiveFinder->buildJoinTree(Object(CJoinElement), Array)
#2 C:\server\www\Guilin\trunk\yii\framework\db\ar\CActiveRecord.php(909): CActiveFinder->__construct(Object(Users), Array)
#3 C:\server\www\Guilin\trunk\yii\framework\db\ar\CActiveRecord.php(1355): CActiveRecord->getActiveFinder(Array)
#4 C:\server\www\Guilin\trunk\yii\framework\db\ar\CActiveRecord.php(1470): CActiveRecord->query(Object(CDbCriteria), true)
#5 C:\server\www\Guilin\trunk\webroot\gds\protected\models\AdminUser.php(81): CActiveRecord->findAll(Object(CDbCriteria))
#6 C:\server\www\Guilin\trunk\webroot\gds\protected\controllers\TestController.php(84): AdminUser::getAdminUserList()
#7 C:\server\www\Guilin\trunk\yii\framework\web\actions\CInlineAction.php(49): TestController->actionGetAdminUserList()
#8 C:\server\www\Guilin\trunk\yii\framework\web\CController.php(308): CInlineAction->runWithParams(Array)
#9 C:\server\www\Guilin\trunk\yii\framework\web\CController.php(286): CController->runAction(Object(CInlineAction))
#10 C:\server\www\Guilin\trunk\yii\framework\web\CController.php(265): CController->runActionWithFilters(Object(CInlineAction), Array)
#11 C:\server\www\Guilin\trunk\yii\framework\web\CWebApplication.php(282): CController->run('GetAdminUserLis...')
#12 C:\server\www\Guilin\trunk\yii\framework\web\CWebApplication.php(141): CWebApplication->runController('test/GetAdminUs...')
#13 C:\server\www\Guilin\trunk\yii\framework\base\CApplication.php(180): CWebApplication->processRequest()
#14 C:\server\www\Guilin\trunk\webroot\gds\index.php(13): CApplication->run()
#15 {main}
REQUEST_URI=/index.php?r=test/GetAdminUserList
---
2013/11/30 13:32:10 [error] [exception.CDbException] exception 'CDbException' with message 'Relation "adminGroup" is not defined in active record class "Users".' in C:\server\www\Guilin\trunk\yii\framework\db\ar\CActiveFinder.php:226
Stack trace:
#0 C:\server\www\Guilin\trunk\yii\framework\db\ar\CActiveFinder.php(296): CActiveFinder->buildJoinTree(Object(CJoinElement), 'adminGroup')
#1 C:\server\www\Guilin\trunk\yii\framework\db\ar\CActiveFinder.php(48): CActiveFinder->buildJoinTree(Object(CJoinElement), Array)
#2 C:\server\www\Guilin\trunk\yii\framework\db\ar\CActiveRecord.php(909): CActiveFinder->__construct(Object(Users), Array)
#3 C:\server\www\Guilin\trunk\yii\framework\db\ar\CActiveRecord.php(1355): CActiveRecord->getActiveFinder(Array)
#4 C:\server\www\Guilin\trunk\yii\framework\db\ar\CActiveRecord.php(1470): CActiveRecord->query(Object(CDbCriteria), true)
#5 C:\server\www\Guilin\trunk\webroot\gds\protected\models\AdminUser.php(81): CActiveRecord->findAll(Object(CDbCriteria))
#6 C:\server\www\Guilin\trunk\webroot\gds\protected\controllers\TestController.php(84): AdminUser::getAdminUserList()
#7 C:\server\www\Guilin\trunk\yii\framework\web\actions\CInlineAction.php(49): TestController->actionGetAdminUserList()
#8 C:\server\www\Guilin\trunk\yii\framework\web\CController.php(308): CInlineAction->runWithParams(Array)
#9 C:\server\www\Guilin\trunk\yii\framework\web\CController.php(286): CController->runAction(Object(CInlineAction))
#10 C:\server\www\Guilin\trunk\yii\framework\web\CController.php(265): CController->runActionWithFilters(Object(CInlineAction), Array)
#11 C:\server\www\Guilin\trunk\yii\framework\web\CWebApplication.php(282): CController->run('GetAdminUserLis...')
#12 C:\server\www\Guilin\trunk\yii\framework\web\CWebApplication.php(141): CWebApplication->runController('test/GetAdminUs...')
#13 C:\server\www\Guilin\trunk\yii\framework\base\CApplication.php(180): CWebApplication->processRequest()
#14 C:\server\www\Guilin\trunk\webroot\gds\index.php(13): CApplication->run()
#15 {main}
REQUEST_URI=/index.php?r=test/GetAdminUserList
---
2013/11/30 13:32:11 [error] [exception.CDbException] exception 'CDbException' with message 'Relation "adminGroup" is not defined in active record class "Users".' in C:\server\www\Guilin\trunk\yii\framework\db\ar\CActiveFinder.php:226
Stack trace:
#0 C:\server\www\Guilin\trunk\yii\framework\db\ar\CActiveFinder.php(296): CActiveFinder->buildJoinTree(Object(CJoinElement), 'adminGroup')
#1 C:\server\www\Guilin\trunk\yii\framework\db\ar\CActiveFinder.php(48): CActiveFinder->buildJoinTree(Object(CJoinElement), Array)
#2 C:\server\www\Guilin\trunk\yii\framework\db\ar\CActiveRecord.php(909): CActiveFinder->__construct(Object(Users), Array)
#3 C:\server\www\Guilin\trunk\yii\framework\db\ar\CActiveRecord.php(1355): CActiveRecord->getActiveFinder(Array)
#4 C:\server\www\Guilin\trunk\yii\framework\db\ar\CActiveRecord.php(1470): CActiveRecord->query(Object(CDbCriteria), true)
#5 C:\server\www\Guilin\trunk\webroot\gds\protected\models\AdminUser.php(81): CActiveRecord->findAll(Object(CDbCriteria))
#6 C:\server\www\Guilin\trunk\webroot\gds\protected\controllers\TestController.php(84): AdminUser::getAdminUserList()
#7 C:\server\www\Guilin\trunk\yii\framework\web\actions\CInlineAction.php(49): TestController->actionGetAdminUserList()
#8 C:\server\www\Guilin\trunk\yii\framework\web\CController.php(308): CInlineAction->runWithParams(Array)
#9 C:\server\www\Guilin\trunk\yii\framework\web\CController.php(286): CController->runAction(Object(CInlineAction))
#10 C:\server\www\Guilin\trunk\yii\framework\web\CController.php(265): CController->runActionWithFilters(Object(CInlineAction), Array)
#11 C:\server\www\Guilin\trunk\yii\framework\web\CWebApplication.php(282): CController->run('GetAdminUserLis...')
#12 C:\server\www\Guilin\trunk\yii\framework\web\CWebApplication.php(141): CWebApplication->runController('test/GetAdminUs...')
#13 C:\server\www\Guilin\trunk\yii\framework\base\CApplication.php(180): CWebApplication->processRequest()
#14 C:\server\www\Guilin\trunk\webroot\gds\index.php(13): CApplication->run()
#15 {main}
REQUEST_URI=/index.php?r=test/GetAdminUserList
---
2013/11/30 13:32:11 [error] [exception.CDbException] exception 'CDbException' with message 'Relation "adminGroup" is not defined in active record class "Users".' in C:\server\www\Guilin\trunk\yii\framework\db\ar\CActiveFinder.php:226
Stack trace:
#0 C:\server\www\Guilin\trunk\yii\framework\db\ar\CActiveFinder.php(296): CActiveFinder->buildJoinTree(Object(CJoinElement), 'adminGroup')
#1 C:\server\www\Guilin\trunk\yii\framework\db\ar\CActiveFinder.php(48): CActiveFinder->buildJoinTree(Object(CJoinElement), Array)
#2 C:\server\www\Guilin\trunk\yii\framework\db\ar\CActiveRecord.php(909): CActiveFinder->__construct(Object(Users), Array)
#3 C:\server\www\Guilin\trunk\yii\framework\db\ar\CActiveRecord.php(1355): CActiveRecord->getActiveFinder(Array)
#4 C:\server\www\Guilin\trunk\yii\framework\db\ar\CActiveRecord.php(1470): CActiveRecord->query(Object(CDbCriteria), true)
#5 C:\server\www\Guilin\trunk\webroot\gds\protected\models\AdminUser.php(81): CActiveRecord->findAll(Object(CDbCriteria))
#6 C:\server\www\Guilin\trunk\webroot\gds\protected\controllers\TestController.php(84): AdminUser::getAdminUserList()
#7 C:\server\www\Guilin\trunk\yii\framework\web\actions\CInlineAction.php(49): TestController->actionGetAdminUserList()
#8 C:\server\www\Guilin\trunk\yii\framework\web\CController.php(308): CInlineAction->runWithParams(Array)
#9 C:\server\www\Guilin\trunk\yii\framework\web\CController.php(286): CController->runAction(Object(CInlineAction))
#10 C:\server\www\Guilin\trunk\yii\framework\web\CController.php(265): CController->runActionWithFilters(Object(CInlineAction), Array)
#11 C:\server\www\Guilin\trunk\yii\framework\web\CWebApplication.php(282): CController->run('GetAdminUserLis...')
#12 C:\server\www\Guilin\trunk\yii\framework\web\CWebApplication.php(141): CWebApplication->runController('test/GetAdminUs...')
#13 C:\server\www\Guilin\trunk\yii\framework\base\CApplication.php(180): CWebApplication->processRequest()
#14 C:\server\www\Guilin\trunk\webroot\gds\index.php(13): CApplication->run()
#15 {main}
REQUEST_URI=/index.php?r=test/GetAdminUserList
---
2013/11/30 14:03:27 [warning] [application] Failed to set unsafe attribute "group_id" of "AdminUser".
in C:\server\www\Guilin\trunk\webroot\gds\protected\models\AdminUser.php (95)
in C:\server\www\Guilin\trunk\webroot\gds\protected\controllers\TestController.php (67)
in C:\server\www\Guilin\trunk\webroot\gds\index.php (13)
2013/11/30 14:35:17 [error] [php] Undefined variable: id (C:\server\www\Guilin\trunk\webroot\gds\protected\models\AdminUser.php:142)
Stack trace:
#0 C:\server\www\Guilin\trunk\yii\framework\web\CController.php(308): CInlineAction->runWithParams()
#1 C:\server\www\Guilin\trunk\yii\framework\web\CController.php(286): TestController->runAction()
#2 C:\server\www\Guilin\trunk\yii\framework\web\CController.php(265): TestController->runActionWithFilters()
#3 C:\server\www\Guilin\trunk\yii\framework\web\CWebApplication.php(282): TestController->run()
#4 C:\server\www\Guilin\trunk\yii\framework\web\CWebApplication.php(141): CWebApplication->runController()
#5 C:\server\www\Guilin\trunk\yii\framework\base\CApplication.php(180): CWebApplication->processRequest()
#6 C:\server\www\Guilin\trunk\webroot\gds\index.php(13): CWebApplication->run()
REQUEST_URI=/index.php?r=test/UpdateAdminUser
in C:\server\www\Guilin\trunk\webroot\gds\protected\models\AdminUser.php (142)
in C:\server\www\Guilin\trunk\webroot\gds\protected\controllers\TestController.php (79)
in C:\server\www\Guilin\trunk\webroot\gds\index.php (13)
2013/12/02 14:49:36 [error] [exception.CException] exception 'CException' with message 'Property "Article.author" is not defined.' in C:\server\www\Guilin\trunk\yii\framework\base\CComponent.php:130
Stack trace:
#0 C:\server\www\Guilin\trunk\yii\framework\db\ar\CActiveRecord.php(145): CComponent->__get('author')
#1 C:\server\www\Guilin\trunk\yii\framework\validators\CStringValidator.php(79): CActiveRecord->__get('author')
#2 C:\server\www\Guilin\trunk\yii\framework\validators\CValidator.php(213): CStringValidator->validateAttribute(Object(Article), 'author')
#3 C:\server\www\Guilin\trunk\yii\framework\base\CModel.php(159): CValidator->validate(Object(Article), NULL)
#4 C:\server\www\Guilin\trunk\yii\framework\db\ar\CActiveRecord.php(805): CModel->validate(NULL)
#5 C:\server\www\Guilin\trunk\webroot\gds\protected\models\Article.php(91): CActiveRecord->save()
#6 C:\server\www\Guilin\trunk\webroot\gds\protected\controllers\TestController.php(102): Article::addNew()
#7 C:\server\www\Guilin\trunk\yii\framework\web\actions\CInlineAction.php(49): TestController->actionAddArticle()
#8 C:\server\www\Guilin\trunk\yii\framework\web\CController.php(308): CInlineAction->runWithParams(Array)
#9 C:\server\www\Guilin\trunk\yii\framework\web\CController.php(286): CController->runAction(Object(CInlineAction))
#10 C:\server\www\Guilin\trunk\yii\framework\web\CController.php(265): CController->runActionWithFilters(Object(CInlineAction), Array)
#11 C:\server\www\Guilin\trunk\yii\framework\web\CWebApplication.php(282): CController->run('AddArticle')
#12 C:\server\www\Guilin\trunk\yii\framework\web\CWebApplication.php(141): CWebApplication->runController('test/AddArticle')
#13 C:\server\www\Guilin\trunk\yii\framework\base\CApplication.php(180): CWebApplication->processRequest()
#14 C:\server\www\Guilin\trunk\webroot\gds\index.php(13): CApplication->run()
#15 {main}
REQUEST_URI=/index.php?r=test/AddArticle
---
2013/12/02 14:51:29 [error] [exception.CException] exception 'CException' with message 'Property "Article.article_type" is not defined.' in C:\server\www\Guilin\trunk\yii\framework\base\CComponent.php:130
Stack trace:
#0 C:\server\www\Guilin\trunk\yii\framework\db\ar\CActiveRecord.php(145): CComponent->__get('article_type')
#1 C:\server\www\Guilin\trunk\yii\framework\validators\CStringValidator.php(79): CActiveRecord->__get('article_type')
#2 C:\server\www\Guilin\trunk\yii\framework\validators\CValidator.php(213): CStringValidator->validateAttribute(Object(Article), 'article_type')
#3 C:\server\www\Guilin\trunk\yii\framework\base\CModel.php(159): CValidator->validate(Object(Article), NULL)
#4 C:\server\www\Guilin\trunk\yii\framework\db\ar\CActiveRecord.php(805): CModel->validate(NULL)
#5 C:\server\www\Guilin\trunk\webroot\gds\protected\models\Article.php(91): CActiveRecord->save()
#6 C:\server\www\Guilin\trunk\webroot\gds\protected\controllers\TestController.php(102): Article::addNew()
#7 C:\server\www\Guilin\trunk\yii\framework\web\actions\CInlineAction.php(49): TestController->actionAddArticle()
#8 C:\server\www\Guilin\trunk\yii\framework\web\CController.php(308): CInlineAction->runWithParams(Array)
#9 C:\server\www\Guilin\trunk\yii\framework\web\CController.php(286): CController->runAction(Object(CInlineAction))
#10 C:\server\www\Guilin\trunk\yii\framework\web\CController.php(265): CController->runActionWithFilters(Object(CInlineAction), Array)
#11 C:\server\www\Guilin\trunk\yii\framework\web\CWebApplication.php(282): CController->run('AddArticle')
#12 C:\server\www\Guilin\trunk\yii\framework\web\CWebApplication.php(141): CWebApplication->runController('test/AddArticle')
#13 C:\server\www\Guilin\trunk\yii\framework\base\CApplication.php(180): CWebApplication->processRequest()
#14 C:\server\www\Guilin\trunk\webroot\gds\index.php(13): CApplication->run()
#15 {main}
REQUEST_URI=/index.php?r=test/AddArticle
---
2013/12/02 14:51:50 [error] [exception.CException] exception 'CException' with message 'Property "Article.is_open" is not defined.' in C:\server\www\Guilin\trunk\yii\framework\base\CComponent.php:130
Stack trace:
#0 C:\server\www\Guilin\trunk\yii\framework\db\ar\CActiveRecord.php(145): CComponent->__get('is_open')
#1 C:\server\www\Guilin\trunk\yii\framework\validators\CStringValidator.php(79): CActiveRecord->__get('is_open')
#2 C:\server\www\Guilin\trunk\yii\framework\validators\CValidator.php(213): CStringValidator->validateAttribute(Object(Article), 'is_open')
#3 C:\server\www\Guilin\trunk\yii\framework\base\CModel.php(159): CValidator->validate(Object(Article), NULL)
#4 C:\server\www\Guilin\trunk\yii\framework\db\ar\CActiveRecord.php(805): CModel->validate(NULL)
#5 C:\server\www\Guilin\trunk\webroot\gds\protected\models\Article.php(91): CActiveRecord->save()
#6 C:\server\www\Guilin\trunk\webroot\gds\protected\controllers\TestController.php(102): Article::addNew()
#7 C:\server\www\Guilin\trunk\yii\framework\web\actions\CInlineAction.php(49): TestController->actionAddArticle()
#8 C:\server\www\Guilin\trunk\yii\framework\web\CController.php(308): CInlineAction->runWithParams(Array)
#9 C:\server\www\Guilin\trunk\yii\framework\web\CController.php(286): CController->runAction(Object(CInlineAction))
#10 C:\server\www\Guilin\trunk\yii\framework\web\CController.php(265): CController->runActionWithFilters(Object(CInlineAction), Array)
#11 C:\server\www\Guilin\trunk\yii\framework\web\CWebApplication.php(282): CController->run('AddArticle')
#12 C:\server\www\Guilin\trunk\yii\framework\web\CWebApplication.php(141): CWebApplication->runController('test/AddArticle')
#13 C:\server\www\Guilin\trunk\yii\framework\base\CApplication.php(180): CWebApplication->processRequest()
#14 C:\server\www\Guilin\trunk\webroot\gds\index.php(13): CApplication->run()
#15 {main}
REQUEST_URI=/index.php?r=test/AddArticle
---
2013/12/02 14:52:04 [error] [exception.CException] exception 'CException' with message 'Property "Article.id" is not defined.' in C:\server\www\Guilin\trunk\yii\framework\base\CComponent.php:130
Stack trace:
#0 C:\server\www\Guilin\trunk\yii\framework\db\ar\CActiveRecord.php(145): CComponent->__get('id')
#1 C:\server\www\Guilin\trunk\webroot\gds\protected\models\Article.php(92): CActiveRecord->__get('id')
#2 C:\server\www\Guilin\trunk\webroot\gds\protected\controllers\TestController.php(102): Article::addNew()
#3 C:\server\www\Guilin\trunk\yii\framework\web\actions\CInlineAction.php(49): TestController->actionAddArticle()
#4 C:\server\www\Guilin\trunk\yii\framework\web\CController.php(308): CInlineAction->runWithParams(Array)
#5 C:\server\www\Guilin\trunk\yii\framework\web\CController.php(286): CController->runAction(Object(CInlineAction))
#6 C:\server\www\Guilin\trunk\yii\framework\web\CController.php(265): CController->runActionWithFilters(Object(CInlineAction), Array)
#7 C:\server\www\Guilin\trunk\yii\framework\web\CWebApplication.php(282): CController->run('AddArticle')
#8 C:\server\www\Guilin\trunk\yii\framework\web\CWebApplication.php(141): CWebApplication->runController('test/AddArticle')
#9 C:\server\www\Guilin\trunk\yii\framework\base\CApplication.php(180): CWebApplication->processRequest()
#10 C:\server\www\Guilin\trunk\webroot\gds\index.php(13): CApplication->run()
#11 {main}
REQUEST_URI=/index.php?r=test/AddArticle
---
2013/12/02 15:02:12 [error] [php] reset() expects parameter 1 to be array, integer given (C:\server\www\Guilin\trunk\yii\framework\db\schema\CDbCriteria.php:280)
Stack trace:
#0 C:\server\www\Guilin\trunk\webroot\gds\protected\controllers\TestController.php(112): getList()
#1 C:\server\www\Guilin\trunk\yii\framework\web\actions\CInlineAction.php(49): TestController->actionGetArticleList()
#2 C:\server\www\Guilin\trunk\yii\framework\web\CController.php(308): CInlineAction->runWithParams()
#3 C:\server\www\Guilin\trunk\yii\framework\web\CController.php(286): TestController->runAction()
#4 C:\server\www\Guilin\trunk\yii\framework\web\CController.php(265): TestController->runActionWithFilters()
#5 C:\server\www\Guilin\trunk\yii\framework\web\CWebApplication.php(282): TestController->run()
#6 C:\server\www\Guilin\trunk\yii\framework\web\CWebApplication.php(141): CWebApplication->runController()
#7 C:\server\www\Guilin\trunk\yii\framework\base\CApplication.php(180): CWebApplication->processRequest()
#8 C:\server\www\Guilin\trunk\webroot\gds\index.php(13): CWebApplication->run()
REQUEST_URI=/index.php?r=test/getarticlelist
in C:\server\www\Guilin\trunk\webroot\gds\protected\models\Article.php (129)
in C:\server\www\Guilin\trunk\webroot\gds\protected\controllers\TestController.php (112)
in C:\server\www\Guilin\trunk\webroot\gds\index.php (13)
2013/12/02 15:04:21 [error] [php] reset() expects parameter 1 to be array, integer given (C:\server\www\Guilin\trunk\yii\framework\db\schema\CDbCriteria.php:280)
Stack trace:
#0 C:\server\www\Guilin\trunk\webroot\gds\protected\controllers\TestController.php(112): getList()
#1 C:\server\www\Guilin\trunk\yii\framework\web\actions\CInlineAction.php(49): TestController->actionGetArticleList()
#2 C:\server\www\Guilin\trunk\yii\framework\web\CController.php(308): CInlineAction->runWithParams()
#3 C:\server\www\Guilin\trunk\yii\framework\web\CController.php(286): TestController->runAction()
#4 C:\server\www\Guilin\trunk\yii\framework\web\CController.php(265): TestController->runActionWithFilters()
#5 C:\server\www\Guilin\trunk\yii\framework\web\CWebApplication.php(282): TestController->run()
#6 C:\server\www\Guilin\trunk\yii\framework\web\CWebApplication.php(141): CWebApplication->runController()
#7 C:\server\www\Guilin\trunk\yii\framework\base\CApplication.php(180): CWebApplication->processRequest()
#8 C:\server\www\Guilin\trunk\webroot\gds\index.php(13): CWebApplication->run()
REQUEST_URI=/index.php?r=test/getarticlelist
in C:\server\www\Guilin\trunk\webroot\gds\protected\models\Article.php (129)
in C:\server\www\Guilin\trunk\webroot\gds\protected\controllers\TestController.php (112)
in C:\server\www\Guilin\trunk\webroot\gds\index.php (13)
2013/12/02 15:05:00 [error] [php] reset() expects parameter 1 to be array, integer given (C:\server\www\Guilin\trunk\yii\framework\db\schema\CDbCriteria.php:280)
Stack trace:
#0 C:\server\www\Guilin\trunk\webroot\gds\protected\controllers\TestController.php(112): getList()
#1 C:\server\www\Guilin\trunk\yii\framework\web\actions\CInlineAction.php(49): TestController->actionGetArticleList()
#2 C:\server\www\Guilin\trunk\yii\framework\web\CController.php(308): CInlineAction->runWithParams()
#3 C:\server\www\Guilin\trunk\yii\framework\web\CController.php(286): TestController->runAction()
#4 C:\server\www\Guilin\trunk\yii\framework\web\CController.php(265): TestController->runActionWithFilters()
#5 C:\server\www\Guilin\trunk\yii\framework\web\CWebApplication.php(282): TestController->run()
#6 C:\server\www\Guilin\trunk\yii\framework\web\CWebApplication.php(141): CWebApplication->runController()
#7 C:\server\www\Guilin\trunk\yii\framework\base\CApplication.php(180): CWebApplication->processRequest()
#8 C:\server\www\Guilin\trunk\webroot\gds\index.php(13): CWebApplication->run()
REQUEST_URI=/index.php?r=test/getarticlelist
in C:\server\www\Guilin\trunk\webroot\gds\protected\models\Article.php (129)
in C:\server\www\Guilin\trunk\webroot\gds\protected\controllers\TestController.php (112)
in C:\server\www\Guilin\trunk\webroot\gds\index.php (13)
2013/12/02 15:05:00 [error] [php] reset() expects parameter 1 to be array, integer given (C:\server\www\Guilin\trunk\yii\framework\db\schema\CDbCriteria.php:280)
Stack trace:
#0 C:\server\www\Guilin\trunk\webroot\gds\protected\controllers\TestController.php(112): getList()
#1 C:\server\www\Guilin\trunk\yii\framework\web\actions\CInlineAction.php(49): TestController->actionGetArticleList()
#2 C:\server\www\Guilin\trunk\yii\framework\web\CController.php(308): CInlineAction->runWithParams()
#3 C:\server\www\Guilin\trunk\yii\framework\web\CController.php(286): TestController->runAction()
#4 C:\server\www\Guilin\trunk\yii\framework\web\CController.php(265): TestController->runActionWithFilters()
#5 C:\server\www\Guilin\trunk\yii\framework\web\CWebApplication.php(282): TestController->run()
#6 C:\server\www\Guilin\trunk\yii\framework\web\CWebApplication.php(141): CWebApplication->runController()
#7 C:\server\www\Guilin\trunk\yii\framework\base\CApplication.php(180): CWebApplication->processRequest()
#8 C:\server\www\Guilin\trunk\webroot\gds\index.php(13): CWebApplication->run()
REQUEST_URI=/index.php?r=test/getarticlelist
in C:\server\www\Guilin\trunk\webroot\gds\protected\models\Article.php (129)
in C:\server\www\Guilin\trunk\webroot\gds\protected\controllers\TestController.php (112)
in C:\server\www\Guilin\trunk\webroot\gds\index.php (13)
2013/12/02 15:05:01 [error] [php] reset() expects parameter 1 to be array, integer given (C:\server\www\Guilin\trunk\yii\framework\db\schema\CDbCriteria.php:280)
Stack trace:
#0 C:\server\www\Guilin\trunk\webroot\gds\protected\controllers\TestController.php(112): getList()
#1 C:\server\www\Guilin\trunk\yii\framework\web\actions\CInlineAction.php(49): TestController->actionGetArticleList()
#2 C:\server\www\Guilin\trunk\yii\framework\web\CController.php(308): CInlineAction->runWithParams()
#3 C:\server\www\Guilin\trunk\yii\framework\web\CController.php(286): TestController->runAction()
#4 C:\server\www\Guilin\trunk\yii\framework\web\CController.php(265): TestController->runActionWithFilters()
#5 C:\server\www\Guilin\trunk\yii\framework\web\CWebApplication.php(282): TestController->run()
#6 C:\server\www\Guilin\trunk\yii\framework\web\CWebApplication.php(141): CWebApplication->runController()
#7 C:\server\www\Guilin\trunk\yii\framework\base\CApplication.php(180): CWebApplication->processRequest()
#8 C:\server\www\Guilin\trunk\webroot\gds\index.php(13): CWebApplication->run()
REQUEST_URI=/index.php?r=test/getarticlelist
in C:\server\www\Guilin\trunk\webroot\gds\protected\models\Article.php (129)
in C:\server\www\Guilin\trunk\webroot\gds\protected\controllers\TestController.php (112)
in C:\server\www\Guilin\trunk\webroot\gds\index.php (13)
2013/12/02 15:05:01 [error] [php] reset() expects parameter 1 to be array, integer given (C:\server\www\Guilin\trunk\yii\framework\db\schema\CDbCriteria.php:280)
Stack trace:
#0 C:\server\www\Guilin\trunk\webroot\gds\protected\controllers\TestController.php(112): getList()
#1 C:\server\www\Guilin\trunk\yii\framework\web\actions\CInlineAction.php(49): TestController->actionGetArticleList()
#2 C:\server\www\Guilin\trunk\yii\framework\web\CController.php(308): CInlineAction->runWithParams()
#3 C:\server\www\Guilin\trunk\yii\framework\web\CController.php(286): TestController->runAction()
#4 C:\server\www\Guilin\trunk\yii\framework\web\CController.php(265): TestController->runActionWithFilters()
#5 C:\server\www\Guilin\trunk\yii\framework\web\CWebApplication.php(282): TestController->run()
#6 C:\server\www\Guilin\trunk\yii\framework\web\CWebApplication.php(141): CWebApplication->runController()
#7 C:\server\www\Guilin\trunk\yii\framework\base\CApplication.php(180): CWebApplication->processRequest()
#8 C:\server\www\Guilin\trunk\webroot\gds\index.php(13): CWebApplication->run()
REQUEST_URI=/index.php?r=test/getarticlelist
in C:\server\www\Guilin\trunk\webroot\gds\protected\models\Article.php (129)
in C:\server\www\Guilin\trunk\webroot\gds\protected\controllers\TestController.php (112)
in C:\server\www\Guilin\trunk\webroot\gds\index.php (13)
2013/12/02 15:05:01 [error] [php] reset() expects parameter 1 to be array, integer given (C:\server\www\Guilin\trunk\yii\framework\db\schema\CDbCriteria.php:280)
Stack trace:
#0 C:\server\www\Guilin\trunk\webroot\gds\protected\controllers\TestController.php(112): getList()
#1 C:\server\www\Guilin\trunk\yii\framework\web\actions\CInlineAction.php(49): TestController->actionGetArticleList()
#2 C:\server\www\Guilin\trunk\yii\framework\web\CController.php(308): CInlineAction->runWithParams()
#3 C:\server\www\Guilin\trunk\yii\framework\web\CController.php(286): TestController->runAction()
#4 C:\server\www\Guilin\trunk\yii\framework\web\CController.php(265): TestController->runActionWithFilters()
#5 C:\server\www\Guilin\trunk\yii\framework\web\CWebApplication.php(282): TestController->run()
#6 C:\server\www\Guilin\trunk\yii\framework\web\CWebApplication.php(141): CWebApplication->runController()
#7 C:\server\www\Guilin\trunk\yii\framework\base\CApplication.php(180): CWebApplication->processRequest()
#8 C:\server\www\Guilin\trunk\webroot\gds\index.php(13): CWebApplication->run()
REQUEST_URI=/index.php?r=test/getarticlelist
in C:\server\www\Guilin\trunk\webroot\gds\protected\models\Article.php (129)
in C:\server\www\Guilin\trunk\webroot\gds\protected\controllers\TestController.php (112)
in C:\server\www\Guilin\trunk\webroot\gds\index.php (13)
2013/12/02 15:05:01 [error] [php] reset() expects parameter 1 to be array, integer given (C:\server\www\Guilin\trunk\yii\framework\db\schema\CDbCriteria.php:280)
Stack trace:
#0 C:\server\www\Guilin\trunk\webroot\gds\protected\controllers\TestController.php(112): getList()
#1 C:\server\www\Guilin\trunk\yii\framework\web\actions\CInlineAction.php(49): TestController->actionGetArticleList()
#2 C:\server\www\Guilin\trunk\yii\framework\web\CController.php(308): CInlineAction->runWithParams()
#3 C:\server\www\Guilin\trunk\yii\framework\web\CController.php(286): TestController->runAction()
#4 C:\server\www\Guilin\trunk\yii\framework\web\CController.php(265): TestController->runActionWithFilters()
#5 C:\server\www\Guilin\trunk\yii\framework\web\CWebApplication.php(282): TestController->run()
#6 C:\server\www\Guilin\trunk\yii\framework\web\CWebApplication.php(141): CWebApplication->runController()
#7 C:\server\www\Guilin\trunk\yii\framework\base\CApplication.php(180): CWebApplication->processRequest()
#8 C:\server\www\Guilin\trunk\webroot\gds\index.php(13): CWebApplication->run()
REQUEST_URI=/index.php?r=test/getarticlelist
in C:\server\www\Guilin\trunk\webroot\gds\protected\models\Article.php (129)
in C:\server\www\Guilin\trunk\webroot\gds\protected\controllers\TestController.php (112)
in C:\server\www\Guilin\trunk\webroot\gds\index.php (13)
2013/12/02 15:05:40 [error] [system.db.CDbCommand] CDbCommand::fetchAll() failed: SQLSTATE[42S02]: Base table or view not found: 1146 Table 'webmall.gl_article_cat' doesn't exist. The SQL statement executed was: SHOW FULL COLUMNS FROM `gl_article_cat`.
in C:\server\www\Guilin\trunk\webroot\gds\protected\models\Article.php (132)
in C:\server\www\Guilin\trunk\webroot\gds\protected\controllers\TestController.php (112)
in C:\server\www\Guilin\trunk\webroot\gds\index.php (13)
2013/12/02 15:05:40 [error] [exception.CDbException] exception 'CDbException' with message 'The table "gl_article_cat" for active record class "ArticleCat" cannot be found in the database.' in C:\server\www\Guilin\trunk\yii\framework\db\ar\CActiveRecord.php:2362
Stack trace:
#0 C:\server\www\Guilin\trunk\yii\framework\db\ar\CActiveRecord.php(411): CActiveRecordMetaData->__construct(Object(ArticleCat))
#1 C:\server\www\Guilin\trunk\yii\framework\db\ar\CActiveRecord.php(658): CActiveRecord->getMetaData()
#2 C:\server\www\Guilin\trunk\yii\framework\db\ar\CActiveFinder.php(383): CActiveRecord->getTableSchema()
#3 C:\server\www\Guilin\trunk\yii\framework\db\ar\CActiveFinder.php(278): CJoinElement->__construct(Object(CActiveFinder), Object(CBelongsToRelation), Object(CJoinElement), 1)
#4 C:\server\www\Guilin\trunk\yii\framework\db\ar\CActiveFinder.php(296): CActiveFinder->buildJoinTree(Object(CJoinElement), 'articleCat')
#5 C:\server\www\Guilin\trunk\yii\framework\db\ar\CActiveFinder.php(48): CActiveFinder->buildJoinTree(Object(CJoinElement), Array)
#6 C:\server\www\Guilin\trunk\yii\framework\db\ar\CActiveRecord.php(909): CActiveFinder->__construct(Object(Article), Array)
#7 C:\server\www\Guilin\trunk\yii\framework\db\ar\CActiveRecord.php(1355): CActiveRecord->getActiveFinder(Array)
#8 C:\server\www\Guilin\trunk\yii\framework\db\ar\CActiveRecord.php(1470): CActiveRecord->query(Object(CDbCriteria), true)
#9 C:\server\www\Guilin\trunk\webroot\gds\protected\models\Article.php(132): CActiveRecord->findAll(Object(CDbCriteria))
#10 C:\server\www\Guilin\trunk\webroot\gds\protected\controllers\TestController.php(112): Article::getList()
#11 C:\server\www\Guilin\trunk\yii\framework\web\actions\CInlineAction.php(49): TestController->actionGetArticleList()
#12 C:\server\www\Guilin\trunk\yii\framework\web\CController.php(308): CInlineAction->runWithParams(Array)
#13 C:\server\www\Guilin\trunk\yii\framework\web\CController.php(286): CController->runAction(Object(CInlineAction))
#14 C:\server\www\Guilin\trunk\yii\framework\web\CController.php(265): CController->runActionWithFilters(Object(CInlineAction), Array)
#15 C:\server\www\Guilin\trunk\yii\framework\web\CWebApplication.php(282): CController->run('getarticlelist')
#16 C:\server\www\Guilin\trunk\yii\framework\web\CWebApplication.php(141): CWebApplication->runController('test/getarticle...')
#17 C:\server\www\Guilin\trunk\yii\framework\base\CApplication.php(180): CWebApplication->processRequest()
#18 C:\server\www\Guilin\trunk\webroot\gds\index.php(13): CApplication->run()
#19 {main}
REQUEST_URI=/index.php?r=test/getarticlelist
---
2013/12/02 15:14:15 [error] [system.db.CDbCommand] CDbCommand::fetchAll() failed: SQLSTATE[42S22]: Column not found: 1054 Unknown column 'catId' in 'where clause'. The SQL statement executed was: SELECT `t`.`article_id` AS `t0_c0`, `t`.`cat_id` AS `t0_c1`, `t`.`title` AS `t0_c2`, `t`.`content` AS `t0_c3`, `t`.`thumb` AS `t0_c4`, `t`.`admin_id` AS `t0_c5`, `t`.`add_time` AS `t0_c6`, `t`.`is_link` AS `t0_c7`, `t`.`link_url` AS `t0_c8`, `t`.`is_show` AS `t0_c9`, `t`.`is_blod` AS `t0_c10`, `t`.`tag_color` AS `t0_c11`, `t`.`short_order` AS `t0_c12`, `articleCat`.`cat_id` AS `t1_c0`, `articleCat`.`cat_name` AS `t1_c1`, `adminUser`.`admin_id` AS `t2_c0`, `adminUser`.`admin_name` AS `t2_c1`, `adminUser`.`admin_email` AS `t2_c2` FROM `imall_article` `t`  LEFT OUTER JOIN `imall_article_cat` `articleCat` ON (`t`.`cat_id`=`articleCat`.`cat_id`)  LEFT OUTER JOIN `imall_admin_user` `adminUser` ON (`t`.`admin_id`=`adminUser`.`admin_id`)  WHERE (catId=:catId) ORDER BY t.article_id DESC. Bound with :catId=4.
in C:\server\www\Guilin\trunk\webroot\gds\protected\models\Article.php (132)
in C:\server\www\Guilin\trunk\webroot\gds\protected\controllers\TestController.php (112)
in C:\server\www\Guilin\trunk\webroot\gds\index.php (13)
2013/12/02 15:14:15 [error] [exception.CDbException] exception 'CDbException' with message 'CDbCommand failed to execute the SQL statement: SQLSTATE[42S22]: Column not found: 1054 Unknown column 'catId' in 'where clause'. The SQL statement executed was: SELECT `t`.`article_id` AS `t0_c0`, `t`.`cat_id` AS `t0_c1`, `t`.`title` AS `t0_c2`, `t`.`content` AS `t0_c3`, `t`.`thumb` AS `t0_c4`, `t`.`admin_id` AS `t0_c5`, `t`.`add_time` AS `t0_c6`, `t`.`is_link` AS `t0_c7`, `t`.`link_url` AS `t0_c8`, `t`.`is_show` AS `t0_c9`, `t`.`is_blod` AS `t0_c10`, `t`.`tag_color` AS `t0_c11`, `t`.`short_order` AS `t0_c12`, `articleCat`.`cat_id` AS `t1_c0`, `articleCat`.`cat_name` AS `t1_c1`, `adminUser`.`admin_id` AS `t2_c0`, `adminUser`.`admin_name` AS `t2_c1`, `adminUser`.`admin_email` AS `t2_c2` FROM `imall_article` `t`  LEFT OUTER JOIN `imall_article_cat` `articleCat` ON (`t`.`cat_id`=`articleCat`.`cat_id`)  LEFT OUTER JOIN `imall_admin_user` `adminUser` ON (`t`.`admin_id`=`adminUser`.`admin_id`)  WHERE (catId=:catId) ORDER BY t.article_id DESC. Bound with :catId=4' in C:\server\www\Guilin\trunk\yii\framework\db\CDbCommand.php:543
Stack trace:
#0 C:\server\www\Guilin\trunk\yii\framework\db\CDbCommand.php(396): CDbCommand->queryInternal('fetchAll', Array, Array)
#1 C:\server\www\Guilin\trunk\yii\framework\db\ar\CActiveFinder.php(803): CDbCommand->queryAll()
#2 C:\server\www\Guilin\trunk\yii\framework\db\ar\CActiveFinder.php(437): CJoinElement->runQuery(Object(CJoinQuery))
#3 C:\server\www\Guilin\trunk\yii\framework\db\ar\CActiveFinder.php(68): CJoinElement->find(Object(CDbCriteria))
#4 C:\server\www\Guilin\trunk\yii\framework\db\ar\CActiveRecord.php(1356): CActiveFinder->query(Object(CDbCriteria), true)
#5 C:\server\www\Guilin\trunk\yii\framework\db\ar\CActiveRecord.php(1470): CActiveRecord->query(Object(CDbCriteria), true)
#6 C:\server\www\Guilin\trunk\webroot\gds\protected\models\Article.php(132): CActiveRecord->findAll(Object(CDbCriteria))
#7 C:\server\www\Guilin\trunk\webroot\gds\protected\controllers\TestController.php(112): Article::getList()
#8 C:\server\www\Guilin\trunk\yii\framework\web\actions\CInlineAction.php(49): TestController->actionGetArticleList()
#9 C:\server\www\Guilin\trunk\yii\framework\web\CController.php(308): CInlineAction->runWithParams(Array)
#10 C:\server\www\Guilin\trunk\yii\framework\web\CController.php(286): CController->runAction(Object(CInlineAction))
#11 C:\server\www\Guilin\trunk\yii\framework\web\CController.php(265): CController->runActionWithFilters(Object(CInlineAction), Array)
#12 C:\server\www\Guilin\trunk\yii\framework\web\CWebApplication.php(282): CController->run('getarticlelist')
#13 C:\server\www\Guilin\trunk\yii\framework\web\CWebApplication.php(141): CWebApplication->runController('test/getarticle...')
#14 C:\server\www\Guilin\trunk\yii\framework\base\CApplication.php(180): CWebApplication->processRequest()
#15 C:\server\www\Guilin\trunk\webroot\gds\index.php(13): CApplication->run()
#16 {main}
REQUEST_URI=/index.php?r=test/getarticlelist
---
2013/12/02 15:14:32 [error] [system.db.CDbCommand] CDbCommand::fetchAll() failed: SQLSTATE[23000]: Integrity constraint violation: 1052 Column 'cat_id' in where clause is ambiguous. The SQL statement executed was: SELECT `t`.`article_id` AS `t0_c0`, `t`.`cat_id` AS `t0_c1`, `t`.`title` AS `t0_c2`, `t`.`content` AS `t0_c3`, `t`.`thumb` AS `t0_c4`, `t`.`admin_id` AS `t0_c5`, `t`.`add_time` AS `t0_c6`, `t`.`is_link` AS `t0_c7`, `t`.`link_url` AS `t0_c8`, `t`.`is_show` AS `t0_c9`, `t`.`is_blod` AS `t0_c10`, `t`.`tag_color` AS `t0_c11`, `t`.`short_order` AS `t0_c12`, `articleCat`.`cat_id` AS `t1_c0`, `articleCat`.`cat_name` AS `t1_c1`, `adminUser`.`admin_id` AS `t2_c0`, `adminUser`.`admin_name` AS `t2_c1`, `adminUser`.`admin_email` AS `t2_c2` FROM `imall_article` `t`  LEFT OUTER JOIN `imall_article_cat` `articleCat` ON (`t`.`cat_id`=`articleCat`.`cat_id`)  LEFT OUTER JOIN `imall_admin_user` `adminUser` ON (`t`.`admin_id`=`adminUser`.`admin_id`)  WHERE (cat_id=:catId) ORDER BY t.article_id DESC. Bound with :catId=4.
in C:\server\www\Guilin\trunk\webroot\gds\protected\models\Article.php (132)
in C:\server\www\Guilin\trunk\webroot\gds\protected\controllers\TestController.php (112)
in C:\server\www\Guilin\trunk\webroot\gds\index.php (13)
2013/12/02 15:14:32 [error] [exception.CDbException] exception 'CDbException' with message 'CDbCommand failed to execute the SQL statement: SQLSTATE[23000]: Integrity constraint violation: 1052 Column 'cat_id' in where clause is ambiguous. The SQL statement executed was: SELECT `t`.`article_id` AS `t0_c0`, `t`.`cat_id` AS `t0_c1`, `t`.`title` AS `t0_c2`, `t`.`content` AS `t0_c3`, `t`.`thumb` AS `t0_c4`, `t`.`admin_id` AS `t0_c5`, `t`.`add_time` AS `t0_c6`, `t`.`is_link` AS `t0_c7`, `t`.`link_url` AS `t0_c8`, `t`.`is_show` AS `t0_c9`, `t`.`is_blod` AS `t0_c10`, `t`.`tag_color` AS `t0_c11`, `t`.`short_order` AS `t0_c12`, `articleCat`.`cat_id` AS `t1_c0`, `articleCat`.`cat_name` AS `t1_c1`, `adminUser`.`admin_id` AS `t2_c0`, `adminUser`.`admin_name` AS `t2_c1`, `adminUser`.`admin_email` AS `t2_c2` FROM `imall_article` `t`  LEFT OUTER JOIN `imall_article_cat` `articleCat` ON (`t`.`cat_id`=`articleCat`.`cat_id`)  LEFT OUTER JOIN `imall_admin_user` `adminUser` ON (`t`.`admin_id`=`adminUser`.`admin_id`)  WHERE (cat_id=:catId) ORDER BY t.article_id DESC. Bound with :catId=4' in C:\server\www\Guilin\trunk\yii\framework\db\CDbCommand.php:543
Stack trace:
#0 C:\server\www\Guilin\trunk\yii\framework\db\CDbCommand.php(396): CDbCommand->queryInternal('fetchAll', Array, Array)
#1 C:\server\www\Guilin\trunk\yii\framework\db\ar\CActiveFinder.php(803): CDbCommand->queryAll()
#2 C:\server\www\Guilin\trunk\yii\framework\db\ar\CActiveFinder.php(437): CJoinElement->runQuery(Object(CJoinQuery))
#3 C:\server\www\Guilin\trunk\yii\framework\db\ar\CActiveFinder.php(68): CJoinElement->find(Object(CDbCriteria))
#4 C:\server\www\Guilin\trunk\yii\framework\db\ar\CActiveRecord.php(1356): CActiveFinder->query(Object(CDbCriteria), true)
#5 C:\server\www\Guilin\trunk\yii\framework\db\ar\CActiveRecord.php(1470): CActiveRecord->query(Object(CDbCriteria), true)
#6 C:\server\www\Guilin\trunk\webroot\gds\protected\models\Article.php(132): CActiveRecord->findAll(Object(CDbCriteria))
#7 C:\server\www\Guilin\trunk\webroot\gds\protected\controllers\TestController.php(112): Article::getList()
#8 C:\server\www\Guilin\trunk\yii\framework\web\actions\CInlineAction.php(49): TestController->actionGetArticleList()
#9 C:\server\www\Guilin\trunk\yii\framework\web\CController.php(308): CInlineAction->runWithParams(Array)
#10 C:\server\www\Guilin\trunk\yii\framework\web\CController.php(286): CController->runAction(Object(CInlineAction))
#11 C:\server\www\Guilin\trunk\yii\framework\web\CController.php(265): CController->runActionWithFilters(Object(CInlineAction), Array)
#12 C:\server\www\Guilin\trunk\yii\framework\web\CWebApplication.php(282): CController->run('getarticlelist')
#13 C:\server\www\Guilin\trunk\yii\framework\web\CWebApplication.php(141): CWebApplication->runController('test/getarticle...')
#14 C:\server\www\Guilin\trunk\yii\framework\base\CApplication.php(180): CWebApplication->processRequest()
#15 C:\server\www\Guilin\trunk\webroot\gds\index.php(13): CApplication->run()
#16 {main}
REQUEST_URI=/index.php?r=test/getarticlelist
---
2013/12/02 15:28:30 [warning] [application] Failed to set unsafe attribute "sort_order" of "ArticleCat".
in C:\server\www\Guilin\trunk\webroot\gds\protected\models\ArticleCat.php (73)
in C:\server\www\Guilin\trunk\webroot\gds\protected\controllers\TestController.php (123)
in C:\server\www\Guilin\trunk\webroot\gds\index.php (13)
2013/12/02 15:29:37 [warning] [application] Failed to set unsafe attribute "sort_order" of "ArticleCat".
in C:\server\www\Guilin\trunk\webroot\gds\protected\models\ArticleCat.php (73)
in C:\server\www\Guilin\trunk\webroot\gds\protected\controllers\TestController.php (123)
in C:\server\www\Guilin\trunk\webroot\gds\index.php (13)
2013/12/02 15:30:10 [warning] [application] Failed to set unsafe attribute "sort_order" of "ArticleCat".
in C:\server\www\Guilin\trunk\webroot\gds\protected\models\ArticleCat.php (93)
in C:\server\www\Guilin\trunk\webroot\gds\protected\controllers\TestController.php (128)
in C:\server\www\Guilin\trunk\webroot\gds\index.php (13)
2013/12/02 15:30:38 [warning] [application] Failed to set unsafe attribute "sort_order" of "ArticleCat".
in C:\server\www\Guilin\trunk\webroot\gds\protected\models\ArticleCat.php (93)
in C:\server\www\Guilin\trunk\webroot\gds\protected\controllers\TestController.php (128)
in C:\server\www\Guilin\trunk\webroot\gds\index.php (13)
2013/12/02 15:30:39 [warning] [application] Failed to set unsafe attribute "sort_order" of "ArticleCat".
in C:\server\www\Guilin\trunk\webroot\gds\protected\models\ArticleCat.php (93)
in C:\server\www\Guilin\trunk\webroot\gds\protected\controllers\TestController.php (128)
in C:\server\www\Guilin\trunk\webroot\gds\index.php (13)
2013/12/02 15:38:10 [error] [php] Undefined variable: criteria (C:\server\www\Guilin\trunk\webroot\gds\protected\models\ArticleCat.php:111)
Stack trace:
#0 C:\server\www\Guilin\trunk\yii\framework\web\CController.php(308): CInlineAction->runWithParams()
#1 C:\server\www\Guilin\trunk\yii\framework\web\CController.php(286): TestController->runAction()
#2 C:\server\www\Guilin\trunk\yii\framework\web\CController.php(265): TestController->runActionWithFilters()
#3 C:\server\www\Guilin\trunk\yii\framework\web\CWebApplication.php(282): TestController->run()
#4 C:\server\www\Guilin\trunk\yii\framework\web\CWebApplication.php(141): CWebApplication->runController()
#5 C:\server\www\Guilin\trunk\yii\framework\base\CApplication.php(180): CWebApplication->processRequest()
#6 C:\server\www\Guilin\trunk\webroot\gds\index.php(13): CWebApplication->run()
REQUEST_URI=/index.php?r=test/GetArticleCatList
in C:\server\www\Guilin\trunk\webroot\gds\protected\models\ArticleCat.php (111)
in C:\server\www\Guilin\trunk\webroot\gds\protected\controllers\TestController.php (132)
in C:\server\www\Guilin\trunk\webroot\gds\index.php (13)
2013/12/02 15:52:30 [error] [exception.CHttpException.404] exception 'CHttpException' with message 'The system is unable to find the requested action "Getimageslist".' in C:\server\www\Guilin\trunk\yii\framework\web\CController.php:483
Stack trace:
#0 C:\server\www\Guilin\trunk\yii\framework\web\CController.php(270): CController->missingAction('Getimageslist')
#1 C:\server\www\Guilin\trunk\yii\framework\web\CWebApplication.php(282): CController->run('Getimageslist')
#2 C:\server\www\Guilin\trunk\yii\framework\web\CWebApplication.php(141): CWebApplication->runController('test/Getimagesl...')
#3 C:\server\www\Guilin\trunk\yii\framework\base\CApplication.php(180): CWebApplication->processRequest()
#4 C:\server\www\Guilin\trunk\webroot\gds\index.php(13): CApplication->run()
#5 {main}
REQUEST_URI=/index.php?r=test/Getimageslist
---
2013/12/02 15:52:44 [error] [exception.CHttpException.404] exception 'CHttpException' with message 'The system is unable to find the requested action "getindeximage".' in C:\server\www\Guilin\trunk\yii\framework\web\CController.php:483
Stack trace:
#0 C:\server\www\Guilin\trunk\yii\framework\web\CController.php(270): CController->missingAction('getindeximage')
#1 C:\server\www\Guilin\trunk\yii\framework\web\CWebApplication.php(282): CController->run('getindeximage')
#2 C:\server\www\Guilin\trunk\yii\framework\web\CWebApplication.php(141): CWebApplication->runController('test/getindexim...')
#3 C:\server\www\Guilin\trunk\yii\framework\base\CApplication.php(180): CWebApplication->processRequest()
#4 C:\server\www\Guilin\trunk\webroot\gds\index.php(13): CApplication->run()
#5 {main}
REQUEST_URI=/index.php?r=test/getindeximage
---
2013/12/02 15:56:38 [warning] [application] Failed to set unsafe attribute "name" of "IndexImages".
in C:\server\www\Guilin\trunk\webroot\gds\protected\models\IndexImages.php (88)
in C:\server\www\Guilin\trunk\webroot\gds\protected\controllers\TestController.php (142)
in C:\server\www\Guilin\trunk\webroot\gds\index.php (13)
2013/12/02 15:59:40 [error] [exception.CException] exception 'CException' with message 'Property "IndexImages.addtime" is not defined.' in C:\server\www\Guilin\trunk\yii\framework\base\CComponent.php:173
Stack trace:
#0 C:\server\www\Guilin\trunk\yii\framework\db\ar\CActiveRecord.php(161): CComponent->__set('addtime', '2013-12-02 15:5...')
#1 C:\server\www\Guilin\trunk\webroot\gds\protected\models\IndexImages.php(91): CActiveRecord->__set('addtime', '2013-12-02 15:5...')
#2 C:\server\www\Guilin\trunk\webroot\gds\protected\controllers\TestController.php(142): IndexImages::addIndexImage()
#3 C:\server\www\Guilin\trunk\yii\framework\web\actions\CInlineAction.php(49): TestController->actionAddIndexImages()
#4 C:\server\www\Guilin\trunk\yii\framework\web\CController.php(308): CInlineAction->runWithParams(Array)
#5 C:\server\www\Guilin\trunk\yii\framework\web\CController.php(286): CController->runAction(Object(CInlineAction))
#6 C:\server\www\Guilin\trunk\yii\framework\web\CController.php(265): CController->runActionWithFilters(Object(CInlineAction), Array)
#7 C:\server\www\Guilin\trunk\yii\framework\web\CWebApplication.php(282): CController->run('AddIndexImages')
#8 C:\server\www\Guilin\trunk\yii\framework\web\CWebApplication.php(141): CWebApplication->runController('test/AddIndexIm...')
#9 C:\server\www\Guilin\trunk\yii\framework\base\CApplication.php(180): CWebApplication->processRequest()
#10 C:\server\www\Guilin\trunk\webroot\gds\index.php(13): CApplication->run()
#11 {main}
REQUEST_URI=/index.php?r=test/AddIndexImages
---
2013/12/02 16:33:41 [error] [php] Creating default object from empty value (C:\server\www\Guilin\trunk\webroot\gds\protected\models\IndexImages.php:147)
Stack trace:
#0 C:\server\www\Guilin\trunk\yii\framework\web\CController.php(308): CInlineAction->runWithParams()
#1 C:\server\www\Guilin\trunk\yii\framework\web\CController.php(286): TestController->runAction()
#2 C:\server\www\Guilin\trunk\yii\framework\web\CController.php(265): TestController->runActionWithFilters()
#3 C:\server\www\Guilin\trunk\yii\framework\web\CWebApplication.php(282): TestController->run()
#4 C:\server\www\Guilin\trunk\yii\framework\web\CWebApplication.php(141): CWebApplication->runController()
#5 C:\server\www\Guilin\trunk\yii\framework\base\CApplication.php(180): CWebApplication->processRequest()
#6 C:\server\www\Guilin\trunk\webroot\gds\index.php(13): CWebApplication->run()
REQUEST_URI=/index.php?r=test/SetIndexImages
in C:\server\www\Guilin\trunk\webroot\gds\protected\models\IndexImages.php (147)
in C:\server\www\Guilin\trunk\webroot\gds\protected\controllers\TestController.php (155)
in C:\server\www\Guilin\trunk\webroot\gds\index.php (13)
2013/12/02 16:35:49 [error] [php] Creating default object from empty value (C:\server\www\Guilin\trunk\webroot\gds\protected\models\IndexImages.php:147)
Stack trace:
#0 C:\server\www\Guilin\trunk\yii\framework\web\CController.php(308): CInlineAction->runWithParams()
#1 C:\server\www\Guilin\trunk\yii\framework\web\CController.php(286): TestController->runAction()
#2 C:\server\www\Guilin\trunk\yii\framework\web\CController.php(265): TestController->runActionWithFilters()
#3 C:\server\www\Guilin\trunk\yii\framework\web\CWebApplication.php(282): TestController->run()
#4 C:\server\www\Guilin\trunk\yii\framework\web\CWebApplication.php(141): CWebApplication->runController()
#5 C:\server\www\Guilin\trunk\yii\framework\base\CApplication.php(180): CWebApplication->processRequest()
#6 C:\server\www\Guilin\trunk\webroot\gds\index.php(13): CWebApplication->run()
REQUEST_URI=/index.php?r=test/SetIndexImages
in C:\server\www\Guilin\trunk\webroot\gds\protected\models\IndexImages.php (147)
in C:\server\www\Guilin\trunk\webroot\gds\protected\controllers\TestController.php (155)
in C:\server\www\Guilin\trunk\webroot\gds\index.php (13)
2013/12/02 16:38:17 [error] [php] Creating default object from empty value (C:\server\www\Guilin\trunk\webroot\gds\protected\models\IndexImages.php:147)
Stack trace:
#0 C:\server\www\Guilin\trunk\yii\framework\web\CController.php(308): CInlineAction->runWithParams()
#1 C:\server\www\Guilin\trunk\yii\framework\web\CController.php(286): TestController->runAction()
#2 C:\server\www\Guilin\trunk\yii\framework\web\CController.php(265): TestController->runActionWithFilters()
#3 C:\server\www\Guilin\trunk\yii\framework\web\CWebApplication.php(282): TestController->run()
#4 C:\server\www\Guilin\trunk\yii\framework\web\CWebApplication.php(141): CWebApplication->runController()
#5 C:\server\www\Guilin\trunk\yii\framework\base\CApplication.php(180): CWebApplication->processRequest()
#6 C:\server\www\Guilin\trunk\webroot\gds\index.php(13): CWebApplication->run()
REQUEST_URI=/index.php?r=test/SetIndexImages
in C:\server\www\Guilin\trunk\webroot\gds\protected\models\IndexImages.php (147)
in C:\server\www\Guilin\trunk\webroot\gds\protected\controllers\TestController.php (155)
in C:\server\www\Guilin\trunk\webroot\gds\index.php (13)
2013/12/02 16:38:18 [error] [php] Creating default object from empty value (C:\server\www\Guilin\trunk\webroot\gds\protected\models\IndexImages.php:147)
Stack trace:
#0 C:\server\www\Guilin\trunk\yii\framework\web\CController.php(308): CInlineAction->runWithParams()
#1 C:\server\www\Guilin\trunk\yii\framework\web\CController.php(286): TestController->runAction()
#2 C:\server\www\Guilin\trunk\yii\framework\web\CController.php(265): TestController->runActionWithFilters()
#3 C:\server\www\Guilin\trunk\yii\framework\web\CWebApplication.php(282): TestController->run()
#4 C:\server\www\Guilin\trunk\yii\framework\web\CWebApplication.php(141): CWebApplication->runController()
#5 C:\server\www\Guilin\trunk\yii\framework\base\CApplication.php(180): CWebApplication->processRequest()
#6 C:\server\www\Guilin\trunk\webroot\gds\index.php(13): CWebApplication->run()
REQUEST_URI=/index.php?r=test/SetIndexImages
in C:\server\www\Guilin\trunk\webroot\gds\protected\models\IndexImages.php (147)
in C:\server\www\Guilin\trunk\webroot\gds\protected\controllers\TestController.php (155)
in C:\server\www\Guilin\trunk\webroot\gds\index.php (13)
2013/12/02 16:41:22 [error] [php] Creating default object from empty value (C:\server\www\Guilin\trunk\webroot\gds\protected\models\IndexImages.php:147)
Stack trace:
#0 C:\server\www\Guilin\trunk\yii\framework\web\CController.php(308): CInlineAction->runWithParams()
#1 C:\server\www\Guilin\trunk\yii\framework\web\CController.php(286): TestController->runAction()
#2 C:\server\www\Guilin\trunk\yii\framework\web\CController.php(265): TestController->runActionWithFilters()
#3 C:\server\www\Guilin\trunk\yii\framework\web\CWebApplication.php(282): TestController->run()
#4 C:\server\www\Guilin\trunk\yii\framework\web\CWebApplication.php(141): CWebApplication->runController()
#5 C:\server\www\Guilin\trunk\yii\framework\base\CApplication.php(180): CWebApplication->processRequest()
#6 C:\server\www\Guilin\trunk\webroot\gds\index.php(13): CWebApplication->run()
REQUEST_URI=/index.php?r=test/SetIndexImages
in C:\server\www\Guilin\trunk\webroot\gds\protected\models\IndexImages.php (147)
in C:\server\www\Guilin\trunk\webroot\gds\protected\controllers\TestController.php (155)
in C:\server\www\Guilin\trunk\webroot\gds\index.php (13)
2013/12/02 16:41:59 [error] [php] Creating default object from empty value (C:\server\www\Guilin\trunk\webroot\gds\protected\models\IndexImages.php:147)
Stack trace:
#0 C:\server\www\Guilin\trunk\yii\framework\web\CController.php(308): CInlineAction->runWithParams()
#1 C:\server\www\Guilin\trunk\yii\framework\web\CController.php(286): TestController->runAction()
#2 C:\server\www\Guilin\trunk\yii\framework\web\CController.php(265): TestController->runActionWithFilters()
#3 C:\server\www\Guilin\trunk\yii\framework\web\CWebApplication.php(282): TestController->run()
#4 C:\server\www\Guilin\trunk\yii\framework\web\CWebApplication.php(141): CWebApplication->runController()
#5 C:\server\www\Guilin\trunk\yii\framework\base\CApplication.php(180): CWebApplication->processRequest()
#6 C:\server\www\Guilin\trunk\webroot\gds\index.php(13): CWebApplication->run()
REQUEST_URI=/index.php?r=test/SetIndexImages
in C:\server\www\Guilin\trunk\webroot\gds\protected\models\IndexImages.php (147)
in C:\server\www\Guilin\trunk\webroot\gds\protected\controllers\TestController.php (155)
in C:\server\www\Guilin\trunk\webroot\gds\index.php (13)
2013/12/02 16:42:07 [error] [php] Creating default object from empty value (C:\server\www\Guilin\trunk\webroot\gds\protected\models\IndexImages.php:147)
Stack trace:
#0 C:\server\www\Guilin\trunk\yii\framework\web\CController.php(308): CInlineAction->runWithParams()
#1 C:\server\www\Guilin\trunk\yii\framework\web\CController.php(286): TestController->runAction()
#2 C:\server\www\Guilin\trunk\yii\framework\web\CController.php(265): TestController->runActionWithFilters()
#3 C:\server\www\Guilin\trunk\yii\framework\web\CWebApplication.php(282): TestController->run()
#4 C:\server\www\Guilin\trunk\yii\framework\web\CWebApplication.php(141): CWebApplication->runController()
#5 C:\server\www\Guilin\trunk\yii\framework\base\CApplication.php(180): CWebApplication->processRequest()
#6 C:\server\www\Guilin\trunk\webroot\gds\index.php(13): CWebApplication->run()
REQUEST_URI=/index.php?r=test/SetIndexImages
in C:\server\www\Guilin\trunk\webroot\gds\protected\models\IndexImages.php (147)
in C:\server\www\Guilin\trunk\webroot\gds\protected\controllers\TestController.php (155)
in C:\server\www\Guilin\trunk\webroot\gds\index.php (13)
2013/12/02 16:42:14 [error] [php] Creating default object from empty value (C:\server\www\Guilin\trunk\webroot\gds\protected\models\IndexImages.php:147)
Stack trace:
#0 C:\server\www\Guilin\trunk\yii\framework\web\CController.php(308): CInlineAction->runWithParams()
#1 C:\server\www\Guilin\trunk\yii\framework\web\CController.php(286): TestController->runAction()
#2 C:\server\www\Guilin\trunk\yii\framework\web\CController.php(265): TestController->runActionWithFilters()
#3 C:\server\www\Guilin\trunk\yii\framework\web\CWebApplication.php(282): TestController->run()
#4 C:\server\www\Guilin\trunk\yii\framework\web\CWebApplication.php(141): CWebApplication->runController()
#5 C:\server\www\Guilin\trunk\yii\framework\base\CApplication.php(180): CWebApplication->processRequest()
#6 C:\server\www\Guilin\trunk\webroot\gds\index.php(13): CWebApplication->run()
REQUEST_URI=/index.php?r=test/SetIndexImages
in C:\server\www\Guilin\trunk\webroot\gds\protected\models\IndexImages.php (147)
in C:\server\www\Guilin\trunk\webroot\gds\protected\controllers\TestController.php (155)
in C:\server\www\Guilin\trunk\webroot\gds\index.php (13)
